Obtaining JSON from switch...
Done
Control utility for runtime P4 table manipulation
RuntimeCmd: Adding entry to exact match table ipv4_lpm
match key:           EXACT-c0:a8:0a:34
action:              set_nhop
runtime data:        00:00:c0:a8:0a:34	00:01
Entry has been added with handle 0
RuntimeCmd: Adding entry to exact match table ipv4_lpm
match key:           EXACT-67:e8:f1:0d
action:              set_nhop
runtime data:        00:00:67:e8:f1:0d	00:02
Entry has been added with handle 1
RuntimeCmd: Adding entry to exact match table src_nat
match key:           EXACT-c0:a8:0a:34
action:              src_map
runtime data:        67:e8:f1:0f
Entry has been added with handle 0
RuntimeCmd: Adding entry to exact match table dst_nat
match key:           EXACT-67:e8:f1:0f
action:              dst_map
runtime data:        c0:a8:0a:34
Entry has been added with handle 0
RuntimeCmd: 
